mode: set
subscription-project/cmd/web/handlers.go:15.69,17.2 1 1
subscription-project/cmd/web/handlers.go:19.70,21.2 1 1
subscription-project/cmd/web/handlers.go:23.74,29.16 3 1
subscription-project/cmd/web/handlers.go:34.2,39.16 4 1
subscription-project/cmd/web/handlers.go:46.2,48.34 2 1
subscription-project/cmd/web/handlers.go:63.2,68.47 4 0
subscription-project/cmd/web/handlers.go:29.16,31.3 1 0
subscription-project/cmd/web/handlers.go:39.16,43.3 3 0
subscription-project/cmd/web/handlers.go:48.34,60.3 5 1
subscription-project/cmd/web/handlers.go:71.67,77.2 3 0
subscription-project/cmd/web/handlers.go:79.73,81.2 1 0
subscription-project/cmd/web/handlers.go:83.77,84.38 1 0
subscription-project/cmd/web/handlers.go:90.2,100.16 3 0
subscription-project/cmd/web/handlers.go:107.2,121.52 7 0
subscription-project/cmd/web/handlers.go:84.38,86.3 1 0
subscription-project/cmd/web/handlers.go:100.16,104.3 3 0
subscription-project/cmd/web/handlers.go:125.76,131.11 4 0
subscription-project/cmd/web/handlers.go:138.2,140.16 2 0
subscription-project/cmd/web/handlers.go:146.2,149.16 3 0
subscription-project/cmd/web/handlers.go:155.2,156.52 2 0
subscription-project/cmd/web/handlers.go:131.11,135.3 3 0
subscription-project/cmd/web/handlers.go:140.16,144.3 3 0
subscription-project/cmd/web/handlers.go:149.16,153.3 3 0
subscription-project/cmd/web/handlers.go:162.76,167.16 3 0
subscription-project/cmd/web/handlers.go:174.2,176.16 2 0
subscription-project/cmd/web/handlers.go:183.2,185.9 2 0
subscription-project/cmd/web/handlers.go:191.2,193.12 2 0
subscription-project/cmd/web/handlers.go:213.2,215.12 2 0
subscription-project/cmd/web/handlers.go:240.2,242.16 2 0
subscription-project/cmd/web/handlers.go:249.2,250.16 2 0
subscription-project/cmd/web/handlers.go:257.2,261.60 3 0
subscription-project/cmd/web/handlers.go:167.16,171.3 3 0
subscription-project/cmd/web/handlers.go:176.16,180.3 3 0
subscription-project/cmd/web/handlers.go:185.9,188.3 2 0
subscription-project/cmd/web/handlers.go:193.12,197.17 3 0
subscription-project/cmd/web/handlers.go:202.3,209.20 2 0
subscription-project/cmd/web/handlers.go:197.17,200.4 2 0
subscription-project/cmd/web/handlers.go:215.12,222.17 5 0
subscription-project/cmd/web/handlers.go:227.3,236.20 2 0
subscription-project/cmd/web/handlers.go:222.17,225.4 2 0
subscription-project/cmd/web/handlers.go:242.16,247.3 4 0
subscription-project/cmd/web/handlers.go:250.16,255.3 4 0
subscription-project/cmd/web/handlers.go:264.78,286.2 14 0
subscription-project/cmd/web/handlers.go:288.77,290.2 1 0
subscription-project/cmd/web/handlers.go:292.79,294.16 2 0
subscription-project/cmd/web/handlers.go:300.2,305.4 3 0
subscription-project/cmd/web/handlers.go:294.16,298.3 2 0
subscription-project/cmd/web/helpers.go:3.42,6.2 2 1
subscription-project/cmd/web/middleware.go:5.64,7.2 1 1
subscription-project/cmd/web/middleware.go:9.57,10.71 1 1
subscription-project/cmd/web/middleware.go:10.71,11.49 1 0
subscription-project/cmd/web/middleware.go:16.3,16.23 1 0
subscription-project/cmd/web/middleware.go:11.49,15.4 3 0
subscription-project/cmd/web/render.go:26.95,36.15 2 1
subscription-project/cmd/web/render.go:40.2,42.16 2 1
subscription-project/cmd/web/render.go:48.2,48.67 1 1
subscription-project/cmd/web/render.go:36.15,38.3 1 1
subscription-project/cmd/web/render.go:42.16,46.3 3 0
subscription-project/cmd/web/render.go:48.67,52.3 3 0
subscription-project/cmd/web/render.go:55.84,59.28 4 1
subscription-project/cmd/web/render.go:69.2,70.11 2 1
subscription-project/cmd/web/render.go:59.28,63.10 3 1
subscription-project/cmd/web/render.go:63.10,65.4 1 0
subscription-project/cmd/web/render.go:65.9,67.4 1 1
subscription-project/cmd/web/render.go:73.58,75.2 1 1
subscription-project/cmd/web/routes.go:10.42,34.2 12 1
subscription-project/cmd/web/routes.go:36.46,45.2 5 1
subscription-project/cmd/web/signer.go:16.21,18.2 1 0
subscription-project/cmd/web/signer.go:21.50,25.33 3 0
subscription-project/cmd/web/signer.go:31.2,34.14 3 0
subscription-project/cmd/web/signer.go:25.33,27.3 1 0
subscription-project/cmd/web/signer.go:27.8,29.3 1 0
subscription-project/cmd/web/signer.go:38.37,44.2 3 0
subscription-project/cmd/web/signer.go:47.57,53.2 3 0
subscription-project/cmd/web/mailer.go:41.36,42.6 1 0
subscription-project/cmd/web/mailer.go:42.6,43.10 1 0
subscription-project/cmd/web/mailer.go:44.39,45.53 1 0
subscription-project/cmd/web/mailer.go:46.38,47.26 1 0
subscription-project/cmd/web/mailer.go:48.30,49.10 1 0
subscription-project/cmd/web/mailer.go:54.60,57.24 2 0
subscription-project/cmd/web/mailer.go:61.2,61.27 1 0
subscription-project/cmd/web/mailer.go:65.2,65.24 1 0
subscription-project/cmd/web/mailer.go:69.2,69.31 1 0
subscription-project/cmd/web/mailer.go:73.2,73.27 1 0
subscription-project/cmd/web/mailer.go:77.2,81.16 3 0
subscription-project/cmd/web/mailer.go:86.2,87.16 2 0
subscription-project/cmd/web/mailer.go:91.2,103.16 11 0
subscription-project/cmd/web/mailer.go:107.2,112.30 5 0
subscription-project/cmd/web/mailer.go:118.2,118.33 1 0
subscription-project/cmd/web/mailer.go:124.2,125.16 2 0
subscription-project/cmd/web/mailer.go:57.24,59.3 1 0
subscription-project/cmd/web/mailer.go:61.27,63.3 1 0
subscription-project/cmd/web/mailer.go:65.24,67.3 1 0
subscription-project/cmd/web/mailer.go:69.31,71.3 1 0
subscription-project/cmd/web/mailer.go:73.27,75.3 1 0
subscription-project/cmd/web/mailer.go:81.16,83.3 1 0
subscription-project/cmd/web/mailer.go:87.16,89.3 1 0
subscription-project/cmd/web/mailer.go:103.16,105.3 1 0
subscription-project/cmd/web/mailer.go:112.30,113.37 1 0
subscription-project/cmd/web/mailer.go:113.37,115.4 1 0
subscription-project/cmd/web/mailer.go:118.33,119.46 1 0
subscription-project/cmd/web/mailer.go:119.46,121.4 1 0
subscription-project/cmd/web/mailer.go:125.16,127.3 1 0
subscription-project/cmd/web/mailer.go:131.62,136.16 3 0
subscription-project/cmd/web/mailer.go:140.2,142.68 2 0
subscription-project/cmd/web/mailer.go:146.2,148.16 3 0
subscription-project/cmd/web/mailer.go:152.2,152.30 1 0
subscription-project/cmd/web/mailer.go:136.16,138.3 1 0
subscription-project/cmd/web/mailer.go:142.68,144.3 1 0
subscription-project/cmd/web/mailer.go:148.16,150.3 1 0
subscription-project/cmd/web/mailer.go:155.52,163.16 3 0
subscription-project/cmd/web/mailer.go:167.2,168.16 2 0
subscription-project/cmd/web/mailer.go:172.2,172.18 1 0
subscription-project/cmd/web/mailer.go:163.16,165.3 1 0
subscription-project/cmd/web/mailer.go:168.16,170.3 1 0
subscription-project/cmd/web/mailer.go:175.63,180.16 3 0
subscription-project/cmd/web/mailer.go:184.2,186.68 2 0
subscription-project/cmd/web/mailer.go:190.2,192.26 2 0
subscription-project/cmd/web/mailer.go:180.16,182.3 1 0
subscription-project/cmd/web/mailer.go:186.68,188.3 1 0
subscription-project/cmd/web/mailer.go:195.56,196.11 1 0
subscription-project/cmd/web/mailer.go:197.13,198.33 1 0
subscription-project/cmd/web/mailer.go:199.13,200.28 1 0
subscription-project/cmd/web/mailer.go:201.14,202.29 1 0
subscription-project/cmd/web/mailer.go:203.10,204.33 1 0
subscription-project/cmd/web/main.go:26.13,70.2 12 0
subscription-project/cmd/web/main.go:72.38,73.6 1 0
subscription-project/cmd/web/main.go:73.6,74.10 1 0
subscription-project/cmd/web/main.go:75.31,76.26 1 0
subscription-project/cmd/web/main.go:77.28,78.10 1 0
subscription-project/cmd/web/main.go:83.28,93.16 4 0
subscription-project/cmd/web/main.go:93.16,95.3 1 0
subscription-project/cmd/web/main.go:98.23,100.17 2 0
subscription-project/cmd/web/main.go:104.2,104.13 1 0
subscription-project/cmd/web/main.go:100.17,102.3 1 0
subscription-project/cmd/web/main.go:107.28,112.6 3 0
subscription-project/cmd/web/main.go:112.6,115.17 2 0
subscription-project/cmd/web/main.go:122.3,122.18 1 0
subscription-project/cmd/web/main.go:125.3,128.11 4 0
subscription-project/cmd/web/main.go:115.17,117.4 1 0
subscription-project/cmd/web/main.go:117.9,120.4 2 0
subscription-project/cmd/web/main.go:122.18,124.4 1 0
subscription-project/cmd/web/main.go:132.42,135.16 2 0
subscription-project/cmd/web/main.go:139.2,141.16 2 0
subscription-project/cmd/web/main.go:145.2,145.16 1 0
subscription-project/cmd/web/main.go:135.16,137.3 1 0
subscription-project/cmd/web/main.go:141.16,143.3 1 0
subscription-project/cmd/web/main.go:148.40,160.2 8 0
subscription-project/cmd/web/main.go:162.30,165.36 1 0
subscription-project/cmd/web/main.go:170.2,170.18 1 0
subscription-project/cmd/web/main.go:165.36,167.4 1 0
subscription-project/cmd/web/main.go:174.40,180.2 5 0
subscription-project/cmd/web/main.go:182.31,199.2 10 0
subscription-project/cmd/web/main.go:201.38,221.2 5 0
